<?xml version="1.0" encoding="UTF-8"?>
<coverage generated="1727982830335" clover="3.2.0">
  <project timestamp="1727982830336" name="All files">
    <metrics statements="25" coveredstatements="25" conditionals="5" coveredconditionals="5" methods="15" coveredmethods="15" elements="45" coveredelements="45" complexity="0" loc="25" ncloc="25" packages="2" files="4" classes="4"/>
    <package name="candidates">
      <metrics statements="12" coveredstatements="12" conditionals="1" coveredconditionals="1" methods="7" coveredmethods="7"/>
      <file name="candidate.ts" path="/mnt/HD/Projects/Urn/src/app/candidates/candidate.ts">
        <metrics statements="11" coveredstatements="11" conditionals="1" coveredconditionals="1" methods="6" coveredmethods="6"/>
        <line num="1" count="1" type="stmt"/>
        <line num="6" count="5" type="stmt"/>
        <line num="7" count="5" type="stmt"/>
        <line num="11" count="7" type="stmt"/>
        <line num="12" count="7" type="cond" truecount="1" falsecount="0"/>
        <line num="13" count="6" type="stmt"/>
        <line num="15" count="1" type="stmt"/>
        <line num="19" count="2" type="stmt"/>
        <line num="23" count="1" type="stmt"/>
        <line num="27" count="2" type="stmt"/>
        <line num="31" count="2" type="stmt"/>
      </file>
      <file name="index.ts" path="/mnt/HD/Projects/Urn/src/app/candidates/index.ts">
        <metrics statements="1" coveredstatements="1" conditionals="0" coveredconditionals="0" methods="1" coveredmethods="1"/>
        <line num="1" count="7" type="stmt"/>
      </file>
    </package>
    <package name="voters">
      <metrics statements="13" coveredstatements="13" conditionals="4" coveredconditionals="4" methods="8" coveredmethods="8"/>
      <file name="index.ts" path="/mnt/HD/Projects/Urn/src/app/voters/index.ts">
        <metrics statements="1" coveredstatements="1" conditionals="0" coveredconditionals="0" methods="1" coveredmethods="1"/>
        <line num="1" count="8" type="stmt"/>
      </file>
      <file name="voter.ts" path="/mnt/HD/Projects/Urn/src/app/voters/voter.ts">
        <metrics statements="12" coveredstatements="12" conditionals="4" coveredconditionals="4" methods="7" coveredmethods="7"/>
        <line num="1" count="1" type="stmt"/>
        <line num="6" count="6" type="stmt"/>
        <line num="7" count="6" type="stmt"/>
        <line num="11" count="7" type="stmt"/>
        <line num="15" count="8" type="stmt"/>
        <line num="16" count="8" type="cond" truecount="4" falsecount="0"/>
        <line num="17" count="7" type="stmt"/>
        <line num="19" count="1" type="stmt"/>
        <line num="23" count="2" type="stmt"/>
        <line num="27" count="1" type="stmt"/>
        <line num="31" count="3" type="stmt"/>
        <line num="35" count="2" type="stmt"/>
      </file>
    </package>
  </project>
</coverage>
