<?xml version="1.0" encoding="UTF-8"?>
<coverage generated="1727504055019" clover="3.2.0">
  <project timestamp="1727504055022" name="All files">
    <metrics statements="12" coveredstatements="12" conditionals="1" coveredconditionals="1" methods="7" coveredmethods="7" elements="20" coveredelements="20" complexity="0" loc="12" ncloc="12" packages="1" files="2" classes="2"/>
    <file name="candidate.ts" path="/mnt/HD/Projects/Urn/src/app/candidates/candidate.ts">
      <metrics statements="11" coveredstatements="11" conditionals="1" coveredconditionals="1" methods="6" coveredmethods="6"/>
      <line num="1" count="1" type="stmt"/>
      <line num="6" count="5" type="stmt"/>
      <line num="7" count="5" type="stmt"/>
      <line num="11" count="7" type="stmt"/>
      <line num="12" count="7" type="cond" truecount="1" falsecount="0"/>
      <line num="13" count="6" type="stmt"/>
      <line num="15" count="1" type="stmt"/>
      <line num="19" count="2" type="stmt"/>
      <line num="23" count="1" type="stmt"/>
      <line num="27" count="2" type="stmt"/>
      <line num="31" count="2" type="stmt"/>
    </file>
    <file name="index.ts" path="/mnt/HD/Projects/Urn/src/app/candidates/index.ts">
      <metrics statements="1" coveredstatements="1" conditionals="0" coveredconditionals="0" methods="1" coveredmethods="1"/>
      <line num="1" count="7" type="stmt"/>
    </file>
  </project>
</coverage>
