TN:
SF:src/app/candidates/candidate.ts
FN:5,(anonymous_0)
FN:10,(anonymous_1)
FN:18,(anonymous_2)
FN:22,(anonymous_3)
FN:26,(anonymous_4)
FN:30,(anonymous_5)
FNF:6
FNH:6
FNDA:5,(anonymous_0)
FNDA:7,(anonymous_1)
FNDA:2,(anonymous_2)
FNDA:1,(anonymous_3)
FNDA:2,(anonymous_4)
FNDA:2,(anonymous_5)
DA:1,1
DA:6,5
DA:7,5
DA:11,7
DA:12,7
DA:13,6
DA:15,1
DA:19,2
DA:23,1
DA:27,2
DA:31,2
LF:11
LH:11
BRDA:12,0,0,6
BRF:1
BRH:1
end_of_record
TN:
SF:src/app/candidates/index.ts
FN:1,(anonymous_0)
FNF:1
FNH:1
FNDA:6,(anonymous_0)
DA:1,7
LF:1
LH:1
BRF:0
BRH:0
end_of_record
