TN:
SF:src/app/candidates/candidate.ts
FN:5,(anonymous_0)
FN:10,(anonymous_1)
FN:18,(anonymous_2)
FN:22,(anonymous_3)
FN:26,(anonymous_4)
FN:30,(anonymous_5)
FNF:6
FNH:6
FNDA:5,(anonymous_0)
FNDA:7,(anonymous_1)
FNDA:2,(anonymous_2)
FNDA:1,(anonymous_3)
FNDA:2,(anonymous_4)
FNDA:2,(anonymous_5)
DA:1,1
DA:6,5
DA:7,5
DA:11,7
DA:12,7
DA:13,6
DA:15,1
DA:19,2
DA:23,1
DA:27,2
DA:31,2
LF:11
LH:11
BRDA:12,0,0,6
BRF:1
BRH:1
end_of_record
TN:
SF:src/app/candidates/index.ts
FN:1,(anonymous_0)
FNF:1
FNH:1
FNDA:6,(anonymous_0)
DA:1,7
LF:1
LH:1
BRF:0
BRH:0
end_of_record
TN:
SF:src/app/voters/index.ts
FN:1,(anonymous_0)
FNF:1
FNH:1
FNDA:7,(anonymous_0)
DA:1,8
LF:1
LH:1
BRF:0
BRH:0
end_of_record
TN:
SF:src/app/voters/voter.ts
FN:5,(anonymous_0)
FN:10,(anonymous_1)
FN:14,(anonymous_2)
FN:22,(anonymous_3)
FN:26,(anonymous_4)
FN:30,(anonymous_5)
FN:34,(anonymous_6)
FNF:7
FNH:7
FNDA:6,(anonymous_0)
FNDA:7,(anonymous_1)
FNDA:8,(anonymous_2)
FNDA:2,(anonymous_3)
FNDA:1,(anonymous_4)
FNDA:3,(anonymous_5)
FNDA:2,(anonymous_6)
DA:1,1
DA:6,6
DA:7,6
DA:11,7
DA:15,8
DA:16,8
DA:17,7
DA:19,1
DA:23,2
DA:27,1
DA:31,3
DA:35,2
LF:12
LH:12
BRDA:16,0,0,7
BRDA:16,1,0,8
BRDA:16,1,1,7
BRDA:16,1,2,7
BRF:4
BRH:4
end_of_record
